c:\users\cswartwoudt\desktop\code\mazegame-main\4 project - with level progression\project\x64\debug\vc142.pdb
c:\users\cswartwoudt\desktop\code\mazegame-main\4 project - with level progression\project\x64\debug\vc142.idb
c:\users\cswartwoudt\desktop\code\mazegame-main\4 project - with level progression\project\x64\debug\winstate.obj
c:\users\cswartwoudt\desktop\code\mazegame-main\4 project - with level progression\project\x64\debug\statemachineexamplegame.obj
c:\users\cswartwoudt\desktop\code\mazegame-main\4 project - with level progression\project\x64\debug\settingsstate.obj
c:\users\cswartwoudt\desktop\code\mazegame-main\4 project - with level progression\project\x64\debug\project.obj
c:\users\cswartwoudt\desktop\code\mazegame-main\4 project - with level progression\project\x64\debug\player.obj
c:\users\cswartwoudt\desktop\code\mazegame-main\4 project - with level progression\project\x64\debug\placableactor.obj
c:\users\cswartwoudt\desktop\code\mazegame-main\4 project - with level progression\project\x64\debug\money.obj
c:\users\cswartwoudt\desktop\code\mazegame-main\4 project - with level progression\project\x64\debug\mainmenustate.obj
c:\users\cswartwoudt\desktop\code\mazegame-main\4 project - with level progression\project\x64\debug\losestate.obj
c:\users\cswartwoudt\desktop\code\mazegame-main\4 project - with level progression\project\x64\debug\level.obj
c:\users\cswartwoudt\desktop\code\mazegame-main\4 project - with level progression\project\x64\debug\key.obj
c:\users\cswartwoudt\desktop\code\mazegame-main\4 project - with level progression\project\x64\debug\highscorestate.obj
c:\users\cswartwoudt\desktop\code\mazegame-main\4 project - with level progression\project\x64\debug\goal.obj
c:\users\cswartwoudt\desktop\code\mazegame-main\4 project - with level progression\project\x64\debug\gameplaystate.obj
c:\users\cswartwoudt\desktop\code\mazegame-main\4 project - with level progression\project\x64\debug\game.obj
c:\users\cswartwoudt\desktop\code\mazegame-main\4 project - with level progression\project\x64\debug\enemy.obj
c:\users\cswartwoudt\desktop\code\mazegame-main\4 project - with level progression\project\x64\debug\door.obj
c:\users\cswartwoudt\desktop\code\mazegame-main\4 project - with level progression\project\x64\debug\audiomanager.obj
c:\users\cswartwoudt\desktop\code\mazegame-main\4 project - with level progression\x64\debug\project.exe
c:\users\cswartwoudt\desktop\code\mazegame-main\4 project - with level progression\project\x64\debug\project.ilk
c:\users\cswartwoudt\desktop\code\mazegame-main\4 project - with level progression\x64\debug\project.pdb
c:\users\cswartwoudt\desktop\code\mazegame-main\4 project - with level progression\project\x64\debug\project.tlog\cl.command.1.tlog
c:\users\cswartwoudt\desktop\code\mazegame-main\4 project - with level progression\project\x64\debug\project.tlog\cl.read.1.tlog
c:\users\cswartwoudt\desktop\code\mazegame-main\4 project - with level progression\project\x64\debug\project.tlog\cl.write.1.tlog
c:\users\cswartwoudt\desktop\code\mazegame-main\4 project - with level progression\project\x64\debug\project.tlog\link.command.1.tlog
c:\users\cswartwoudt\desktop\code\mazegame-main\4 project - with level progression\project\x64\debug\project.tlog\link.read.1.tlog
c:\users\cswartwoudt\desktop\code\mazegame-main\4 project - with level progression\project\x64\debug\project.tlog\link.write.1.tlog
